INFO: 2024/09/03 17:15:05 listener.go:24: connect to amqp://guest:guest@localhost:5672/
INFO: 2024/09/03 17:15:05 listener.go:91:  [*] Waiting for messages. To exit press CTRL+C
INFO: 2024/09/03 17:17:39 listener.go:24: connect to amqp://guest:guest@localhost:5672/
INFO: 2024/09/03 17:17:40 listener.go:91:  [*] Waiting for messages. To exit press CTRL+C
INFO: 2024/09/03 17:18:57 listener.go:24: connect to amqp://guest:guest@localhost:5672/
INFO: 2024/09/03 17:18:57 listener.go:91:  [*] Waiting for messages. To exit press CTRL+C
INFO: 2024/09/03 17:19:01 slack.go:28: response status:400 Bad Request
INFO: 2024/09/03 17:19:56 listener.go:24: connect to amqp://guest:guest@localhost:5672/
INFO: 2024/09/03 17:19:56 listener.go:91:  [*] Waiting for messages. To exit press CTRL+C
INFO: 2024/09/03 17:21:39 listener.go:24: connect to amqp://guest:guest@localhost:5672/
INFO: 2024/09/03 17:21:40 listener.go:91:  [*] Waiting for messages. To exit press CTRL+C
INFO: 2024/09/03 17:21:49 slack.go:28: response status:200 OK
INFO: 2024/09/04 18:33:00 listener.go:21: failed to connect to amqp://guest:guest@localhost:5672/: dial tcp [::1]:5672: connectex: No connection could be made because the target machine actively refused it.
INFO: 2024/09/04 18:34:07 listener.go:24: connect to amqp://guest:guest@localhost:5672/
INFO: 2024/09/04 18:34:07 listener.go:101:  [*] Waiting for messages. To exit press CTRL+C
INFO: 2024/09/04 18:34:07 slack.go:28: response status:200 OK
INFO: 2024/09/04 18:54:11 listener.go:24: connect to amqp://guest:guest@localhost:5672/
INFO: 2024/09/04 18:54:11 listener.go:101:  [*] Waiting for messages. To exit press CTRL+C
INFO: 2024/09/04 18:54:11 slack.go:28: response status:200 OK
INFO: 2024/09/07 05:30:02 listener.go:25: connect to amqp://guest:guest@localhost:5672/
INFO: 2024/09/07 05:30:02 listener.go:123:  [*] Waiting for messages. To exit press CTRL+C
INFO: 2024/09/07 05:45:28 slack.go:72: response status:200 OK
